<?xml version="1.0" encoding="UTF-8"?>
<!-- Generated by org.testng.reporters.JUnitReportReporter -->
<testsuite hostname="DESKTOP-8UG6GSG" failures="0" tests="1" name="test.ValidateTaskCompletionTest" time="2.022" errors="0" timestamp="2024-12-17T23:37:57 IST" skipped="0">
  <testcase classname="test.ValidateTaskCompletionTest" name="validateTaskCompletionForFanCodeCityUsers" time="2.022"/>
  <system-out/>
</testsuite> <!-- test.ValidateTaskCompletionTest -->
